[0.319s] DEBUG:colcon:Command line arguments: ['/usr/bin/colcon', 'build']
[0.319s] DEBUG:colcon:Parsed command line arguments: Namespace(log_base=None, log_level=None, verb_name='build', build_base='build', install_base='install', merge_install=False, symlink_install=False, test_result_base=None, continue_on_error=False, executor='parallel', parallel_workers=2, event_handlers=None, ignore_user_meta=False, metas=['./colcon.meta'], base_paths=['.'], packages_ignore=None, packages_ignore_regex=None, paths=None, packages_up_to=None, packages_up_to_regex=None, packages_above=None, packages_above_and_dependencies=None, packages_above_depth=None, packages_select_by_dep=None, packages_skip_by_dep=None, packages_skip_up_to=None, packages_select_build_failed=False, packages_skip_build_finished=False, packages_select_test_failures=False, packages_skip_test_passed=False, packages_select=None, packages_skip=None, packages_select_regex=None, packages_skip_regex=None, packages_start=None, packages_end=None, allow_overriding=[], cmake_args=None, cmake_target=None, cmake_target_skip_unavailable=False, cmake_clean_cache=False, cmake_clean_first=False, cmake_force_configure=False, ament_cmake_args=None, catkin_cmake_args=None, catkin_skip_building_tests=False, mixin_files=None, mixin=None, verb_parser=<colcon_mixin.mixin.mixin_argument.MixinArgumentDecorator object at 0x77373acdb1c0>, verb_extension=<colcon_core.verb.build.BuildVerb object at 0x77373acdabc0>, main=<bound method BuildVerb.main of <colcon_core.verb.build.BuildVerb object at 0x77373acdabc0>>, mixin_verb=('build',))
[0.595s] Level 1:colcon.colcon_core.package_discovery:discover_packages(colcon_meta) check parameters
[0.595s] Level 1:colcon.colcon_core.package_discovery:discover_packages(recursive) check parameters
[0.595s] Level 1:colcon.colcon_core.package_discovery:discover_packages(ignore) check parameters
[0.595s] Level 1:colcon.colcon_core.package_discovery:discover_packages(path) check parameters
[0.595s] Level 1:colcon.colcon_core.package_discovery:discover_packages(colcon_meta) discover
[0.595s] Level 1:colcon.colcon_core.package_discovery:discover_packages(recursive) discover
[0.596s] INFO:colcon.colcon_core.package_discovery:Crawling recursively for packages in '/home/vboxuser/ros2_ws'
[0.596s] Level 1:colcon.colcon_core.package_identification:_identify(.) by extensions ['ignore', 'ignore_ament_install']
[0.596s] Level 1:colcon.colcon_core.package_identification:_identify(.) by extension 'ignore'
[0.596s] Level 1:colcon.colcon_core.package_identification:_identify(.) by extension 'ignore_ament_install'
[0.596s] Level 1:colcon.colcon_core.package_identification:_identify(.) by extensions ['colcon_pkg']
[0.596s] Level 1:colcon.colcon_core.package_identification:_identify(.) by extension 'colcon_pkg'
[0.596s] Level 1:colcon.colcon_core.package_identification:_identify(.) by extensions ['colcon_meta']
[0.596s] Level 1:colcon.colcon_core.package_identification:_identify(.) by extension 'colcon_meta'
[0.596s] Level 1:colcon.colcon_core.package_identification:_identify(.) by extensions ['ros']
[0.596s] Level 1:colcon.colcon_core.package_identification:_identify(.) by extension 'ros'
[0.607s] Level 1:colcon.colcon_core.package_identification:_identify(.) by extensions ['cmake', 'python']
[0.607s] Level 1:colcon.colcon_core.package_identification:_identify(.) by extension 'cmake'
[0.608s] Level 1:colcon.colcon_core.package_identification:_identify(.) by extension 'python'
[0.608s] Level 1:colcon.colcon_core.package_identification:_identify(.) by extensions ['python_setup_py']
[0.608s] Level 1:colcon.colcon_core.package_identification:_identify(.) by extension 'python_setup_py'
[0.608s] Level 1:colcon.colcon_core.package_identification:_identify(build) by extensions ['ignore', 'ignore_ament_install']
[0.608s] Level 1:colcon.colcon_core.package_identification:_identify(build) by extension 'ignore'
[0.608s] Level 1:colcon.colcon_core.package_identification:_identify(build) ignored
[0.608s] Level 1:colcon.colcon_core.package_identification:_identify(install) by extensions ['ignore', 'ignore_ament_install']
[0.608s] Level 1:colcon.colcon_core.package_identification:_identify(install) by extension 'ignore'
[0.608s] Level 1:colcon.colcon_core.package_identification:_identify(install) ignored
[0.608s] Level 1:colcon.colcon_core.package_identification:_identify(log) by extensions ['ignore', 'ignore_ament_install']
[0.608s] Level 1:colcon.colcon_core.package_identification:_identify(log) by extension 'ignore'
[0.608s] Level 1:colcon.colcon_core.package_identification:_identify(log) ignored
[0.609s] Level 1:colcon.colcon_core.package_identification:_identify(src) by extensions ['ignore', 'ignore_ament_install']
[0.609s] Level 1:colcon.colcon_core.package_identification:_identify(src) by extension 'ignore'
[0.609s] Level 1:colcon.colcon_core.package_identification:_identify(src) by extension 'ignore_ament_install'
[0.609s] Level 1:colcon.colcon_core.package_identification:_identify(src) by extensions ['colcon_pkg']
[0.609s] Level 1:colcon.colcon_core.package_identification:_identify(src) by extension 'colcon_pkg'
[0.609s] Level 1:colcon.colcon_core.package_identification:_identify(src) by extensions ['colcon_meta']
[0.609s] Level 1:colcon.colcon_core.package_identification:_identify(src) by extension 'colcon_meta'
[0.609s] Level 1:colcon.colcon_core.package_identification:_identify(src) by extensions ['ros']
[0.609s] Level 1:colcon.colcon_core.package_identification:_identify(src) by extension 'ros'
[0.609s] Level 1:colcon.colcon_core.package_identification:_identify(src) by extensions ['cmake', 'python']
[0.609s] Level 1:colcon.colcon_core.package_identification:_identify(src) by extension 'cmake'
[0.609s] Level 1:colcon.colcon_core.package_identification:_identify(src) by extension 'python'
[0.609s] Level 1:colcon.colcon_core.package_identification:_identify(src) by extensions ['python_setup_py']
[0.609s] Level 1:colcon.colcon_core.package_identification:_identify(src) by extension 'python_setup_py'
[0.611s] Level 1:colcon.colcon_core.package_identification:_identify(src/project_pkg) by extensions ['ignore', 'ignore_ament_install']
[0.611s] Level 1:colcon.colcon_core.package_identification:_identify(src/project_pkg) by extension 'ignore'
[0.611s] Level 1:colcon.colcon_core.package_identification:_identify(src/project_pkg) by extension 'ignore_ament_install'
[0.611s] Level 1:colcon.colcon_core.package_identification:_identify(src/project_pkg) by extensions ['colcon_pkg']
[0.611s] Level 1:colcon.colcon_core.package_identification:_identify(src/project_pkg) by extension 'colcon_pkg'
[0.611s] Level 1:colcon.colcon_core.package_identification:_identify(src/project_pkg) by extensions ['colcon_meta']
[0.611s] Level 1:colcon.colcon_core.package_identification:_identify(src/project_pkg) by extension 'colcon_meta'
[0.611s] Level 1:colcon.colcon_core.package_identification:_identify(src/project_pkg) by extensions ['ros']
[0.611s] Level 1:colcon.colcon_core.package_identification:_identify(src/project_pkg) by extension 'ros'
[0.615s] DEBUG:colcon.colcon_core.package_identification:Package 'src/project_pkg' with type 'ros.ament_python' and name 'project_pkg'
[0.616s] Level 1:colcon.colcon_core.package_identification:_identify(src/px4_msgs) by extensions ['ignore', 'ignore_ament_install']
[0.616s] Level 1:colcon.colcon_core.package_identification:_identify(src/px4_msgs) by extension 'ignore'
[0.616s] Level 1:colcon.colcon_core.package_identification:_identify(src/px4_msgs) by extension 'ignore_ament_install'
[0.616s] Level 1:colcon.colcon_core.package_identification:_identify(src/px4_msgs) by extensions ['colcon_pkg']
[0.616s] Level 1:colcon.colcon_core.package_identification:_identify(src/px4_msgs) by extension 'colcon_pkg'
[0.616s] Level 1:colcon.colcon_core.package_identification:_identify(src/px4_msgs) by extensions ['colcon_meta']
[0.616s] Level 1:colcon.colcon_core.package_identification:_identify(src/px4_msgs) by extension 'colcon_meta'
[0.616s] Level 1:colcon.colcon_core.package_identification:_identify(src/px4_msgs) by extensions ['ros']
[0.616s] Level 1:colcon.colcon_core.package_identification:_identify(src/px4_msgs) by extension 'ros'
[0.617s] DEBUG:colcon.colcon_core.package_identification:Package 'src/px4_msgs' with type 'ros.ament_cmake' and name 'px4_msgs'
[0.618s] Level 1:colcon.colcon_core.package_identification:_identify(src/px4_ros_com) by extensions ['ignore', 'ignore_ament_install']
[0.618s] Level 1:colcon.colcon_core.package_identification:_identify(src/px4_ros_com) by extension 'ignore'
[0.618s] Level 1:colcon.colcon_core.package_identification:_identify(src/px4_ros_com) by extension 'ignore_ament_install'
[0.618s] Level 1:colcon.colcon_core.package_identification:_identify(src/px4_ros_com) by extensions ['colcon_pkg']
[0.618s] Level 1:colcon.colcon_core.package_identification:_identify(src/px4_ros_com) by extension 'colcon_pkg'
[0.618s] Level 1:colcon.colcon_core.package_identification:_identify(src/px4_ros_com) by extensions ['colcon_meta']
[0.618s] Level 1:colcon.colcon_core.package_identification:_identify(src/px4_ros_com) by extension 'colcon_meta'
[0.618s] Level 1:colcon.colcon_core.package_identification:_identify(src/px4_ros_com) by extensions ['ros']
[0.618s] Level 1:colcon.colcon_core.package_identification:_identify(src/px4_ros_com) by extension 'ros'
[0.619s] DEBUG:colcon.colcon_core.package_identification:Package 'src/px4_ros_com' with type 'ros.ament_cmake' and name 'px4_ros_com'
[0.619s] Level 1:colcon.colcon_core.package_discovery:discover_packages(recursive) using defaults
[0.619s] Level 1:colcon.colcon_core.package_discovery:discover_packages(ignore) discover
[0.619s] Level 1:colcon.colcon_core.package_discovery:discover_packages(ignore) using defaults
[0.619s] Level 1:colcon.colcon_core.package_discovery:discover_packages(path) discover
[0.619s] Level 1:colcon.colcon_core.package_discovery:discover_packages(path) using defaults
[0.656s] Level 1:colcon.colcon_core.package_discovery:discover_packages(prefix_path) check parameters
[0.656s] Level 1:colcon.colcon_core.package_discovery:discover_packages(prefix_path) discover
[0.660s] WARNING:colcon.colcon_ros.prefix_path.ament:The path '/home/vboxuser/ros2_ws/install/px4_ros_com' in the environment variable AMENT_PREFIX_PATH doesn't exist
[0.660s] WARNING:colcon.colcon_ros.prefix_path.ament:The path '/home/vboxuser/ros2_ws/install/px4_msgs' in the environment variable AMENT_PREFIX_PATH doesn't exist
[0.660s] WARNING:colcon.colcon_ros.prefix_path.ament:The path '/home/vboxuser/ros2_ws/install/project_pkg' in the environment variable AMENT_PREFIX_PATH doesn't exist
[0.660s] WARNING:colcon.colcon_ros.prefix_path.catkin:The path '/home/vboxuser/ros2_ws/install/px4_ros_com' in the environment variable CMAKE_PREFIX_PATH doesn't exist
[0.660s] WARNING:colcon.colcon_ros.prefix_path.catkin:The path '/home/vboxuser/ros2_ws/install/px4_msgs' in the environment variable CMAKE_PREFIX_PATH doesn't exist
[0.662s] DEBUG:colcon.colcon_installed_package_information.package_discovery:Found 0 installed packages in /home/vboxuser/ros2_ws/install
[0.663s] DEBUG:colcon.colcon_installed_package_information.package_discovery:Found 277 installed packages in /opt/ros/humble
[0.664s] Level 1:colcon.colcon_core.package_discovery:discover_packages(prefix_path) using defaults
[0.706s] Level 5:colcon.colcon_core.verb:set package 'project_pkg' build argument 'cmake_args' from command line to 'None'
[0.706s] Level 5:colcon.colcon_core.verb:set package 'project_pkg' build argument 'cmake_target' from command line to 'None'
[0.706s] Level 5:colcon.colcon_core.verb:set package 'project_pkg' build argument 'cmake_target_skip_unavailable' from command line to 'False'
[0.706s] Level 5:colcon.colcon_core.verb:set package 'project_pkg' build argument 'cmake_clean_cache' from command line to 'False'
[0.706s] Level 5:colcon.colcon_core.verb:set package 'project_pkg' build argument 'cmake_clean_first' from command line to 'False'
[0.706s] Level 5:colcon.colcon_core.verb:set package 'project_pkg' build argument 'cmake_force_configure' from command line to 'False'
[0.706s] Level 5:colcon.colcon_core.verb:set package 'project_pkg' build argument 'ament_cmake_args' from command line to 'None'
[0.706s] Level 5:colcon.colcon_core.verb:set package 'project_pkg' build argument 'catkin_cmake_args' from command line to 'None'
[0.706s] Level 5:colcon.colcon_core.verb:set package 'project_pkg' build argument 'catkin_skip_building_tests' from command line to 'False'
[0.706s] DEBUG:colcon.colcon_core.verb:Building package 'project_pkg' with the following arguments: {'ament_cmake_args': None, 'build_base': '/home/vboxuser/ros2_ws/build/project_pkg', 'catkin_cmake_args': None, 'catkin_skip_building_tests': False, 'cmake_args': None, 'cmake_clean_cache': False, 'cmake_clean_first': False, 'cmake_force_configure': False, 'cmake_target': None, 'cmake_target_skip_unavailable': False, 'install_base': '/home/vboxuser/ros2_ws/install/project_pkg', 'merge_install': False, 'path': '/home/vboxuser/ros2_ws/src/project_pkg', 'symlink_install': False, 'test_result_base': None}
[0.707s] Level 5:colcon.colcon_core.verb:set package 'px4_msgs' build argument 'cmake_args' from command line to 'None'
[0.707s] Level 5:colcon.colcon_core.verb:set package 'px4_msgs' build argument 'cmake_target' from command line to 'None'
[0.707s] Level 5:colcon.colcon_core.verb:set package 'px4_msgs' build argument 'cmake_target_skip_unavailable' from command line to 'False'
[0.707s] Level 5:colcon.colcon_core.verb:set package 'px4_msgs' build argument 'cmake_clean_cache' from command line to 'False'
[0.707s] Level 5:colcon.colcon_core.verb:set package 'px4_msgs' build argument 'cmake_clean_first' from command line to 'False'
[0.707s] Level 5:colcon.colcon_core.verb:set package 'px4_msgs' build argument 'cmake_force_configure' from command line to 'False'
[0.707s] Level 5:colcon.colcon_core.verb:set package 'px4_msgs' build argument 'ament_cmake_args' from command line to 'None'
[0.707s] Level 5:colcon.colcon_core.verb:set package 'px4_msgs' build argument 'catkin_cmake_args' from command line to 'None'
[0.707s] Level 5:colcon.colcon_core.verb:set package 'px4_msgs' build argument 'catkin_skip_building_tests' from command line to 'False'
[0.707s] DEBUG:colcon.colcon_core.verb:Building package 'px4_msgs' with the following arguments: {'ament_cmake_args': None, 'build_base': '/home/vboxuser/ros2_ws/build/px4_msgs', 'catkin_cmake_args': None, 'catkin_skip_building_tests': False, 'cmake_args': None, 'cmake_clean_cache': False, 'cmake_clean_first': False, 'cmake_force_configure': False, 'cmake_target': None, 'cmake_target_skip_unavailable': False, 'install_base': '/home/vboxuser/ros2_ws/install/px4_msgs', 'merge_install': False, 'path': '/home/vboxuser/ros2_ws/src/px4_msgs', 'symlink_install': False, 'test_result_base': None}
[0.707s] Level 5:colcon.colcon_core.verb:set package 'px4_ros_com' build argument 'cmake_args' from command line to 'None'
[0.707s] Level 5:colcon.colcon_core.verb:set package 'px4_ros_com' build argument 'cmake_target' from command line to 'None'
[0.707s] Level 5:colcon.colcon_core.verb:set package 'px4_ros_com' build argument 'cmake_target_skip_unavailable' from command line to 'False'
[0.707s] Level 5:colcon.colcon_core.verb:set package 'px4_ros_com' build argument 'cmake_clean_cache' from command line to 'False'
[0.707s] Level 5:colcon.colcon_core.verb:set package 'px4_ros_com' build argument 'cmake_clean_first' from command line to 'False'
[0.707s] Level 5:colcon.colcon_core.verb:set package 'px4_ros_com' build argument 'cmake_force_configure' from command line to 'False'
[0.707s] Level 5:colcon.colcon_core.verb:set package 'px4_ros_com' build argument 'ament_cmake_args' from command line to 'None'
[0.707s] Level 5:colcon.colcon_core.verb:set package 'px4_ros_com' build argument 'catkin_cmake_args' from command line to 'None'
[0.707s] Level 5:colcon.colcon_core.verb:set package 'px4_ros_com' build argument 'catkin_skip_building_tests' from command line to 'False'
[0.707s] DEBUG:colcon.colcon_core.verb:Building package 'px4_ros_com' with the following arguments: {'ament_cmake_args': None, 'build_base': '/home/vboxuser/ros2_ws/build/px4_ros_com', 'catkin_cmake_args': None, 'catkin_skip_building_tests': False, 'cmake_args': None, 'cmake_clean_cache': False, 'cmake_clean_first': False, 'cmake_force_configure': False, 'cmake_target': None, 'cmake_target_skip_unavailable': False, 'install_base': '/home/vboxuser/ros2_ws/install/px4_ros_com', 'merge_install': False, 'path': '/home/vboxuser/ros2_ws/src/px4_ros_com', 'symlink_install': False, 'test_result_base': None}
[0.708s] INFO:colcon.colcon_core.executor:Executing jobs using 'parallel' executor
[0.709s] DEBUG:colcon.colcon_parallel_executor.executor.parallel:run_until_complete
[0.709s] INFO:colcon.colcon_ros.task.ament_cmake.build:Building ROS package in '/home/vboxuser/ros2_ws/src/px4_msgs' with build type 'ament_cmake'
[0.709s] INFO:colcon.colcon_cmake.task.cmake.build:Building CMake package in '/home/vboxuser/ros2_ws/src/px4_msgs'
[0.726s] INFO:colcon.colcon_core.plugin_system:Skipping extension 'colcon_core.shell.bat': Not used on non-Windows systems
[0.726s] INFO:colcon.colcon_core.shell:Skip shell extension 'powershell' for command environment: Not usable outside of PowerShell
[0.726s] DEBUG:colcon.colcon_core.shell:Skip shell extension 'dsv' for command environment
[0.735s] INFO:colcon.colcon_ros.task.ament_python.build:Building ROS package in '/home/vboxuser/ros2_ws/src/project_pkg' with build type 'ament_python'
[0.736s] Level 1:colcon.colcon_core.shell:create_environment_hook('project_pkg', 'ament_prefix_path')
[0.736s] INFO:colcon.colcon_core.shell:Creating environment hook '/home/vboxuser/ros2_ws/install/project_pkg/share/project_pkg/hook/ament_prefix_path.ps1'
[0.738s] INFO:colcon.colcon_core.shell:Creating environment descriptor '/home/vboxuser/ros2_ws/install/project_pkg/share/project_pkg/hook/ament_prefix_path.dsv'
[0.739s] INFO:colcon.colcon_core.shell:Creating environment hook '/home/vboxuser/ros2_ws/install/project_pkg/share/project_pkg/hook/ament_prefix_path.sh'
[0.741s] INFO:colcon.colcon_core.shell:Skip shell extension 'powershell' for command environment: Not usable outside of PowerShell
[0.741s] DEBUG:colcon.colcon_core.shell:Skip shell extension 'dsv' for command environment
[0.748s] DEBUG:colcon.colcon_core.event_handler.log_command:Invoking command in '/home/vboxuser/ros2_ws/build/px4_msgs': CMAKE_PREFIX_PATH=${CMAKE_PREFIX_PATH}:/home/vboxuser/ros2_ws/install/project_pkg:/opt/ros/humble /usr/bin/cmake /home/vboxuser/ros2_ws/src/px4_msgs -DCMAKE_INSTALL_PREFIX=/home/vboxuser/ros2_ws/install/px4_msgs
[1.082s] INFO:colcon.colcon_core.task.python.build:Building Python package in '/home/vboxuser/ros2_ws/src/project_pkg'
[1.083s] INFO:colcon.colcon_core.shell:Skip shell extension 'powershell' for command environment: Not usable outside of PowerShell
[1.083s] DEBUG:colcon.colcon_core.shell:Skip shell extension 'dsv' for command environment
[1.549s] DEBUG:colcon.colcon_core.event_handler.log_command:Invoking command in '/home/vboxuser/ros2_ws/src/project_pkg': PYTHONPATH=/home/vboxuser/ros2_ws/build/project_pkg/prefix_override:/usr/lib/python3/dist-packages/colcon_core/task/python/colcon_distutils_commands:/home/vboxuser/ros2_ws/install/project_pkg/lib/python3.10/site-packages:${PYTHONPATH} /usr/bin/python3 -W ignore:setup.py install is deprecated setup.py egg_info --egg-base ../../build/project_pkg build --build-base /home/vboxuser/ros2_ws/build/project_pkg/build install --record /home/vboxuser/ros2_ws/build/project_pkg/install.log --single-version-externally-managed install_data
[1.913s] DEBUG:colcon.colcon_core.event_handler.log_command:Invoked command in '/home/vboxuser/ros2_ws/src/project_pkg' returned '0': PYTHONPATH=/home/vboxuser/ros2_ws/build/project_pkg/prefix_override:/usr/lib/python3/dist-packages/colcon_core/task/python/colcon_distutils_commands:/home/vboxuser/ros2_ws/install/project_pkg/lib/python3.10/site-packages:${PYTHONPATH} /usr/bin/python3 -W ignore:setup.py install is deprecated setup.py egg_info --egg-base ../../build/project_pkg build --build-base /home/vboxuser/ros2_ws/build/project_pkg/build install --record /home/vboxuser/ros2_ws/build/project_pkg/install.log --single-version-externally-managed install_data
[1.929s] Level 1:colcon.colcon_core.environment:checking '/home/vboxuser/ros2_ws/install/project_pkg' for CMake module files
[1.929s] Level 1:colcon.colcon_core.environment:checking '/home/vboxuser/ros2_ws/install/project_pkg' for CMake config files
[1.930s] Level 1:colcon.colcon_core.environment:checking '/home/vboxuser/ros2_ws/install/project_pkg/lib'
[1.930s] Level 1:colcon.colcon_core.environment:checking '/home/vboxuser/ros2_ws/install/project_pkg/bin'
[1.930s] Level 1:colcon.colcon_core.environment:checking '/home/vboxuser/ros2_ws/install/project_pkg/lib/pkgconfig/project_pkg.pc'
[1.930s] Level 1:colcon.colcon_core.environment:checking '/home/vboxuser/ros2_ws/install/project_pkg/lib/python3.10/site-packages'
[1.930s] Level 1:colcon.colcon_core.shell:create_environment_hook('project_pkg', 'pythonpath')
[1.930s] INFO:colcon.colcon_core.shell:Creating environment hook '/home/vboxuser/ros2_ws/install/project_pkg/share/project_pkg/hook/pythonpath.ps1'
[1.930s] INFO:colcon.colcon_core.shell:Creating environment descriptor '/home/vboxuser/ros2_ws/install/project_pkg/share/project_pkg/hook/pythonpath.dsv'
[1.931s] INFO:colcon.colcon_core.shell:Creating environment hook '/home/vboxuser/ros2_ws/install/project_pkg/share/project_pkg/hook/pythonpath.sh'
[1.931s] Level 1:colcon.colcon_core.environment:checking '/home/vboxuser/ros2_ws/install/project_pkg/bin'
[1.931s] Level 1:colcon.colcon_core.environment:create_environment_scripts_only(project_pkg)
[1.931s] INFO:colcon.colcon_core.shell:Creating package script '/home/vboxuser/ros2_ws/install/project_pkg/share/project_pkg/package.ps1'
[1.933s] INFO:colcon.colcon_core.shell:Creating package descriptor '/home/vboxuser/ros2_ws/install/project_pkg/share/project_pkg/package.dsv'
[1.934s] INFO:colcon.colcon_core.shell:Creating package script '/home/vboxuser/ros2_ws/install/project_pkg/share/project_pkg/package.sh'
[1.935s] INFO:colcon.colcon_core.shell:Creating package script '/home/vboxuser/ros2_ws/install/project_pkg/share/project_pkg/package.bash'
[1.937s] INFO:colcon.colcon_core.shell:Creating package script '/home/vboxuser/ros2_ws/install/project_pkg/share/project_pkg/package.zsh'
[1.939s] Level 1:colcon.colcon_core.environment:create_file_with_runtime_dependencies(/home/vboxuser/ros2_ws/install/project_pkg/share/colcon-core/packages/project_pkg)
[4.410s] DEBUG:colcon.colcon_core.event_handler.log_command:Invoked command in '/home/vboxuser/ros2_ws/build/px4_msgs' returned '0': CMAKE_PREFIX_PATH=${CMAKE_PREFIX_PATH}:/home/vboxuser/ros2_ws/install/project_pkg:/opt/ros/humble /usr/bin/cmake /home/vboxuser/ros2_ws/src/px4_msgs -DCMAKE_INSTALL_PREFIX=/home/vboxuser/ros2_ws/install/px4_msgs
[4.414s] DEBUG:colcon.colcon_core.event_handler.log_command:Invoking command in '/home/vboxuser/ros2_ws/build/px4_msgs': CMAKE_PREFIX_PATH=${CMAKE_PREFIX_PATH}:/home/vboxuser/ros2_ws/install/project_pkg:/opt/ros/humble /usr/bin/cmake --build /home/vboxuser/ros2_ws/build/px4_msgs -- -j2 -l2
[485.410s] DEBUG:colcon.colcon_core.event_handler.log_command:Invoked command in '/home/vboxuser/ros2_ws/build/px4_msgs' returned '0': CMAKE_PREFIX_PATH=${CMAKE_PREFIX_PATH}:/home/vboxuser/ros2_ws/install/project_pkg:/opt/ros/humble /usr/bin/cmake --build /home/vboxuser/ros2_ws/build/px4_msgs -- -j2 -l2
[489.975s] DEBUG:colcon.colcon_core.event_handler.log_command:Invoking command in '/home/vboxuser/ros2_ws/build/px4_msgs': CMAKE_PREFIX_PATH=${CMAKE_PREFIX_PATH}:/home/vboxuser/ros2_ws/install/project_pkg:/opt/ros/humble /usr/bin/cmake --install /home/vboxuser/ros2_ws/build/px4_msgs
[491.111s] Level 1:colcon.colcon_core.environment:create_environment_scripts_only(px4_msgs)
[491.112s] Level 1:colcon.colcon_core.environment:checking '/home/vboxuser/ros2_ws/install/px4_msgs' for CMake module files
[491.112s] Level 1:colcon.colcon_core.environment:checking '/home/vboxuser/ros2_ws/install/px4_msgs' for CMake config files
[491.113s] DEBUG:colcon.colcon_core.event_handler.log_command:Invoked command in '/home/vboxuser/ros2_ws/build/px4_msgs' returned '0': CMAKE_PREFIX_PATH=${CMAKE_PREFIX_PATH}:/home/vboxuser/ros2_ws/install/project_pkg:/opt/ros/humble /usr/bin/cmake --install /home/vboxuser/ros2_ws/build/px4_msgs
[491.118s] Level 1:colcon.colcon_core.shell:create_environment_hook('px4_msgs', 'cmake_prefix_path')
[491.118s] INFO:colcon.colcon_core.shell:Creating environment hook '/home/vboxuser/ros2_ws/install/px4_msgs/share/px4_msgs/hook/cmake_prefix_path.ps1'
[491.120s] INFO:colcon.colcon_core.shell:Creating environment descriptor '/home/vboxuser/ros2_ws/install/px4_msgs/share/px4_msgs/hook/cmake_prefix_path.dsv'
[491.121s] INFO:colcon.colcon_core.shell:Creating environment hook '/home/vboxuser/ros2_ws/install/px4_msgs/share/px4_msgs/hook/cmake_prefix_path.sh'
[491.121s] Level 1:colcon.colcon_core.environment:checking '/home/vboxuser/ros2_ws/install/px4_msgs/lib'
[491.121s] Level 1:colcon.colcon_core.shell:create_environment_hook('px4_msgs', 'ld_library_path_lib')
[491.122s] INFO:colcon.colcon_core.shell:Creating environment hook '/home/vboxuser/ros2_ws/install/px4_msgs/share/px4_msgs/hook/ld_library_path_lib.ps1'
[491.122s] INFO:colcon.colcon_core.shell:Creating environment descriptor '/home/vboxuser/ros2_ws/install/px4_msgs/share/px4_msgs/hook/ld_library_path_lib.dsv'
[491.122s] INFO:colcon.colcon_core.shell:Creating environment hook '/home/vboxuser/ros2_ws/install/px4_msgs/share/px4_msgs/hook/ld_library_path_lib.sh'
[491.122s] Level 1:colcon.colcon_core.environment:checking '/home/vboxuser/ros2_ws/install/px4_msgs/bin'
[491.122s] Level 1:colcon.colcon_core.environment:checking '/home/vboxuser/ros2_ws/install/px4_msgs/lib/pkgconfig/px4_msgs.pc'
[491.123s] Level 1:colcon.colcon_core.environment:checking '/home/vboxuser/ros2_ws/install/px4_msgs/lib/python3.10/site-packages'
[491.123s] Level 1:colcon.colcon_core.environment:checking '/home/vboxuser/ros2_ws/install/px4_msgs/bin'
[491.123s] INFO:colcon.colcon_core.shell:Creating package script '/home/vboxuser/ros2_ws/install/px4_msgs/share/px4_msgs/package.ps1'
[491.123s] INFO:colcon.colcon_core.shell:Creating package descriptor '/home/vboxuser/ros2_ws/install/px4_msgs/share/px4_msgs/package.dsv'
[491.124s] INFO:colcon.colcon_core.shell:Creating package script '/home/vboxuser/ros2_ws/install/px4_msgs/share/px4_msgs/package.sh'
[491.124s] INFO:colcon.colcon_core.shell:Creating package script '/home/vboxuser/ros2_ws/install/px4_msgs/share/px4_msgs/package.bash'
[491.125s] INFO:colcon.colcon_core.shell:Creating package script '/home/vboxuser/ros2_ws/install/px4_msgs/share/px4_msgs/package.zsh'
[491.125s] Level 1:colcon.colcon_core.environment:create_file_with_runtime_dependencies(/home/vboxuser/ros2_ws/install/px4_msgs/share/colcon-core/packages/px4_msgs)
[495.068s] Level 1:colcon.colcon_core.environment:create_environment_scripts_only(px4_msgs)
[495.068s] Level 1:colcon.colcon_core.environment:checking '/home/vboxuser/ros2_ws/install/px4_msgs' for CMake module files
[495.068s] Level 1:colcon.colcon_core.environment:checking '/home/vboxuser/ros2_ws/install/px4_msgs' for CMake config files
[495.072s] Level 1:colcon.colcon_core.shell:create_environment_hook('px4_msgs', 'cmake_prefix_path')
[495.072s] INFO:colcon.colcon_core.shell:Creating environment hook '/home/vboxuser/ros2_ws/install/px4_msgs/share/px4_msgs/hook/cmake_prefix_path.ps1'
[495.072s] INFO:colcon.colcon_core.shell:Creating environment descriptor '/home/vboxuser/ros2_ws/install/px4_msgs/share/px4_msgs/hook/cmake_prefix_path.dsv'
[495.073s] INFO:colcon.colcon_core.shell:Creating environment hook '/home/vboxuser/ros2_ws/install/px4_msgs/share/px4_msgs/hook/cmake_prefix_path.sh'
[495.074s] Level 1:colcon.colcon_core.environment:checking '/home/vboxuser/ros2_ws/install/px4_msgs/lib'
[495.074s] Level 1:colcon.colcon_core.shell:create_environment_hook('px4_msgs', 'ld_library_path_lib')
[495.074s] INFO:colcon.colcon_core.shell:Creating environment hook '/home/vboxuser/ros2_ws/install/px4_msgs/share/px4_msgs/hook/ld_library_path_lib.ps1'
[495.075s] INFO:colcon.colcon_core.shell:Creating environment descriptor '/home/vboxuser/ros2_ws/install/px4_msgs/share/px4_msgs/hook/ld_library_path_lib.dsv'
[495.075s] INFO:colcon.colcon_core.shell:Creating environment hook '/home/vboxuser/ros2_ws/install/px4_msgs/share/px4_msgs/hook/ld_library_path_lib.sh'
[495.075s] Level 1:colcon.colcon_core.environment:checking '/home/vboxuser/ros2_ws/install/px4_msgs/bin'
[495.075s] Level 1:colcon.colcon_core.environment:checking '/home/vboxuser/ros2_ws/install/px4_msgs/lib/pkgconfig/px4_msgs.pc'
[495.076s] Level 1:colcon.colcon_core.environment:checking '/home/vboxuser/ros2_ws/install/px4_msgs/lib/python3.10/site-packages'
[495.076s] Level 1:colcon.colcon_core.environment:checking '/home/vboxuser/ros2_ws/install/px4_msgs/bin'
[495.076s] INFO:colcon.colcon_core.shell:Creating package script '/home/vboxuser/ros2_ws/install/px4_msgs/share/px4_msgs/package.ps1'
[495.076s] INFO:colcon.colcon_core.shell:Creating package descriptor '/home/vboxuser/ros2_ws/install/px4_msgs/share/px4_msgs/package.dsv'
[495.077s] INFO:colcon.colcon_core.shell:Creating package script '/home/vboxuser/ros2_ws/install/px4_msgs/share/px4_msgs/package.sh'
[495.077s] INFO:colcon.colcon_core.shell:Creating package script '/home/vboxuser/ros2_ws/install/px4_msgs/share/px4_msgs/package.bash'
[495.078s] INFO:colcon.colcon_core.shell:Creating package script '/home/vboxuser/ros2_ws/install/px4_msgs/share/px4_msgs/package.zsh'
[495.078s] Level 1:colcon.colcon_core.environment:create_file_with_runtime_dependencies(/home/vboxuser/ros2_ws/install/px4_msgs/share/colcon-core/packages/px4_msgs)
[495.079s] INFO:colcon.colcon_ros.task.ament_cmake.build:Building ROS package in '/home/vboxuser/ros2_ws/src/px4_ros_com' with build type 'ament_cmake'
[495.079s] INFO:colcon.colcon_cmake.task.cmake.build:Building CMake package in '/home/vboxuser/ros2_ws/src/px4_ros_com'
[495.079s] INFO:colcon.colcon_core.shell:Skip shell extension 'powershell' for command environment: Not usable outside of PowerShell
[495.079s] DEBUG:colcon.colcon_core.shell:Skip shell extension 'dsv' for command environment
[495.090s] DEBUG:colcon.colcon_core.event_handler.log_command:Invoking command in '/home/vboxuser/ros2_ws/build/px4_ros_com': CMAKE_PREFIX_PATH=/home/vboxuser/ros2_ws/install/px4_msgs:/home/vboxuser/ros2_ws/install/px4_ros_com:/home/vboxuser/ros2_ws/install/project_pkg:/opt/ros/humble LD_LIBRARY_PATH=/home/vboxuser/ros2_ws/install/px4_msgs/lib:/home/vboxuser/ros2_ws/install/px4_ros_com/lib:/opt/ros/humble/opt/rviz_ogre_vendor/lib:/opt/ros/humble/lib/x86_64-linux-gnu:/opt/ros/humble/lib /usr/bin/cmake /home/vboxuser/ros2_ws/src/px4_ros_com -DCMAKE_INSTALL_PREFIX=/home/vboxuser/ros2_ws/install/px4_ros_com
[496.641s] DEBUG:colcon.colcon_core.event_handler.log_command:Invoked command in '/home/vboxuser/ros2_ws/build/px4_ros_com' returned '0': CMAKE_PREFIX_PATH=/home/vboxuser/ros2_ws/install/px4_msgs:/home/vboxuser/ros2_ws/install/px4_ros_com:/home/vboxuser/ros2_ws/install/project_pkg:/opt/ros/humble LD_LIBRARY_PATH=/home/vboxuser/ros2_ws/install/px4_msgs/lib:/home/vboxuser/ros2_ws/install/px4_ros_com/lib:/opt/ros/humble/opt/rviz_ogre_vendor/lib:/opt/ros/humble/lib/x86_64-linux-gnu:/opt/ros/humble/lib /usr/bin/cmake /home/vboxuser/ros2_ws/src/px4_ros_com -DCMAKE_INSTALL_PREFIX=/home/vboxuser/ros2_ws/install/px4_ros_com
[496.641s] DEBUG:colcon.colcon_core.event_handler.log_command:Invoking command in '/home/vboxuser/ros2_ws/build/px4_ros_com': CMAKE_PREFIX_PATH=/home/vboxuser/ros2_ws/install/px4_msgs:/home/vboxuser/ros2_ws/install/px4_ros_com:/home/vboxuser/ros2_ws/install/project_pkg:/opt/ros/humble LD_LIBRARY_PATH=/home/vboxuser/ros2_ws/install/px4_msgs/lib:/home/vboxuser/ros2_ws/install/px4_ros_com/lib:/opt/ros/humble/opt/rviz_ogre_vendor/lib:/opt/ros/humble/lib/x86_64-linux-gnu:/opt/ros/humble/lib /usr/bin/cmake --build /home/vboxuser/ros2_ws/build/px4_ros_com -- -j2 -l2
[521.201s] DEBUG:colcon.colcon_core.event_handler.log_command:Invoked command in '/home/vboxuser/ros2_ws/build/px4_ros_com' returned '0': CMAKE_PREFIX_PATH=/home/vboxuser/ros2_ws/install/px4_msgs:/home/vboxuser/ros2_ws/install/px4_ros_com:/home/vboxuser/ros2_ws/install/project_pkg:/opt/ros/humble LD_LIBRARY_PATH=/home/vboxuser/ros2_ws/install/px4_msgs/lib:/home/vboxuser/ros2_ws/install/px4_ros_com/lib:/opt/ros/humble/opt/rviz_ogre_vendor/lib:/opt/ros/humble/lib/x86_64-linux-gnu:/opt/ros/humble/lib /usr/bin/cmake --build /home/vboxuser/ros2_ws/build/px4_ros_com -- -j2 -l2
[521.253s] DEBUG:colcon.colcon_core.event_handler.log_command:Invoking command in '/home/vboxuser/ros2_ws/build/px4_ros_com': CMAKE_PREFIX_PATH=/home/vboxuser/ros2_ws/install/px4_msgs:/home/vboxuser/ros2_ws/install/px4_ros_com:/home/vboxuser/ros2_ws/install/project_pkg:/opt/ros/humble LD_LIBRARY_PATH=/home/vboxuser/ros2_ws/install/px4_msgs/lib:/home/vboxuser/ros2_ws/install/px4_ros_com/lib:/opt/ros/humble/opt/rviz_ogre_vendor/lib:/opt/ros/humble/lib/x86_64-linux-gnu:/opt/ros/humble/lib /usr/bin/cmake --install /home/vboxuser/ros2_ws/build/px4_ros_com
[521.344s] Level 1:colcon.colcon_core.environment:create_environment_scripts_only(px4_ros_com)
[521.345s] DEBUG:colcon.colcon_core.event_handler.log_command:Invoked command in '/home/vboxuser/ros2_ws/build/px4_ros_com' returned '0': CMAKE_PREFIX_PATH=/home/vboxuser/ros2_ws/install/px4_msgs:/home/vboxuser/ros2_ws/install/px4_ros_com:/home/vboxuser/ros2_ws/install/project_pkg:/opt/ros/humble LD_LIBRARY_PATH=/home/vboxuser/ros2_ws/install/px4_msgs/lib:/home/vboxuser/ros2_ws/install/px4_ros_com/lib:/opt/ros/humble/opt/rviz_ogre_vendor/lib:/opt/ros/humble/lib/x86_64-linux-gnu:/opt/ros/humble/lib /usr/bin/cmake --install /home/vboxuser/ros2_ws/build/px4_ros_com
[521.345s] Level 1:colcon.colcon_core.environment:checking '/home/vboxuser/ros2_ws/install/px4_ros_com' for CMake module files
[521.346s] Level 1:colcon.colcon_core.environment:checking '/home/vboxuser/ros2_ws/install/px4_ros_com' for CMake config files
[521.346s] Level 1:colcon.colcon_core.shell:create_environment_hook('px4_ros_com', 'cmake_prefix_path')
[521.346s] INFO:colcon.colcon_core.shell:Creating environment hook '/home/vboxuser/ros2_ws/install/px4_ros_com/share/px4_ros_com/hook/cmake_prefix_path.ps1'
[521.347s] INFO:colcon.colcon_core.shell:Creating environment descriptor '/home/vboxuser/ros2_ws/install/px4_ros_com/share/px4_ros_com/hook/cmake_prefix_path.dsv'
[521.347s] INFO:colcon.colcon_core.shell:Creating environment hook '/home/vboxuser/ros2_ws/install/px4_ros_com/share/px4_ros_com/hook/cmake_prefix_path.sh'
[521.348s] Level 1:colcon.colcon_core.environment:checking '/home/vboxuser/ros2_ws/install/px4_ros_com/lib'
[521.348s] Level 1:colcon.colcon_core.shell:create_environment_hook('px4_ros_com', 'ld_library_path_lib')
[521.348s] INFO:colcon.colcon_core.shell:Creating environment hook '/home/vboxuser/ros2_ws/install/px4_ros_com/share/px4_ros_com/hook/ld_library_path_lib.ps1'
[521.349s] INFO:colcon.colcon_core.shell:Creating environment descriptor '/home/vboxuser/ros2_ws/install/px4_ros_com/share/px4_ros_com/hook/ld_library_path_lib.dsv'
[521.349s] INFO:colcon.colcon_core.shell:Creating environment hook '/home/vboxuser/ros2_ws/install/px4_ros_com/share/px4_ros_com/hook/ld_library_path_lib.sh'
[521.349s] Level 1:colcon.colcon_core.environment:checking '/home/vboxuser/ros2_ws/install/px4_ros_com/bin'
[521.349s] Level 1:colcon.colcon_core.environment:checking '/home/vboxuser/ros2_ws/install/px4_ros_com/lib/pkgconfig/px4_ros_com.pc'
[521.350s] Level 1:colcon.colcon_core.environment:checking '/home/vboxuser/ros2_ws/install/px4_ros_com/lib/python3.10/site-packages'
[521.350s] Level 1:colcon.colcon_core.environment:checking '/home/vboxuser/ros2_ws/install/px4_ros_com/bin'
[521.350s] INFO:colcon.colcon_core.shell:Creating package script '/home/vboxuser/ros2_ws/install/px4_ros_com/share/px4_ros_com/package.ps1'
[521.351s] INFO:colcon.colcon_core.shell:Creating package descriptor '/home/vboxuser/ros2_ws/install/px4_ros_com/share/px4_ros_com/package.dsv'
[521.352s] INFO:colcon.colcon_core.shell:Creating package script '/home/vboxuser/ros2_ws/install/px4_ros_com/share/px4_ros_com/package.sh'
[521.352s] INFO:colcon.colcon_core.shell:Creating package script '/home/vboxuser/ros2_ws/install/px4_ros_com/share/px4_ros_com/package.bash'
[521.352s] INFO:colcon.colcon_core.shell:Creating package script '/home/vboxuser/ros2_ws/install/px4_ros_com/share/px4_ros_com/package.zsh'
[521.353s] Level 1:colcon.colcon_core.environment:create_file_with_runtime_dependencies(/home/vboxuser/ros2_ws/install/px4_ros_com/share/colcon-core/packages/px4_ros_com)
[521.409s] Level 1:colcon.colcon_core.environment:create_environment_scripts_only(px4_ros_com)
[521.409s] Level 1:colcon.colcon_core.environment:checking '/home/vboxuser/ros2_ws/install/px4_ros_com' for CMake module files
[521.410s] Level 1:colcon.colcon_core.environment:checking '/home/vboxuser/ros2_ws/install/px4_ros_com' for CMake config files
[521.411s] Level 1:colcon.colcon_core.shell:create_environment_hook('px4_ros_com', 'cmake_prefix_path')
[521.411s] INFO:colcon.colcon_core.shell:Creating environment hook '/home/vboxuser/ros2_ws/install/px4_ros_com/share/px4_ros_com/hook/cmake_prefix_path.ps1'
[521.411s] INFO:colcon.colcon_core.shell:Creating environment descriptor '/home/vboxuser/ros2_ws/install/px4_ros_com/share/px4_ros_com/hook/cmake_prefix_path.dsv'
[521.412s] INFO:colcon.colcon_core.shell:Creating environment hook '/home/vboxuser/ros2_ws/install/px4_ros_com/share/px4_ros_com/hook/cmake_prefix_path.sh'
[521.413s] Level 1:colcon.colcon_core.environment:checking '/home/vboxuser/ros2_ws/install/px4_ros_com/lib'
[521.413s] Level 1:colcon.colcon_core.shell:create_environment_hook('px4_ros_com', 'ld_library_path_lib')
[521.413s] INFO:colcon.colcon_core.shell:Creating environment hook '/home/vboxuser/ros2_ws/install/px4_ros_com/share/px4_ros_com/hook/ld_library_path_lib.ps1'
[521.414s] INFO:colcon.colcon_core.shell:Creating environment descriptor '/home/vboxuser/ros2_ws/install/px4_ros_com/share/px4_ros_com/hook/ld_library_path_lib.dsv'
[521.415s] INFO:colcon.colcon_core.shell:Creating environment hook '/home/vboxuser/ros2_ws/install/px4_ros_com/share/px4_ros_com/hook/ld_library_path_lib.sh'
[521.415s] Level 1:colcon.colcon_core.environment:checking '/home/vboxuser/ros2_ws/install/px4_ros_com/bin'
[521.415s] Level 1:colcon.colcon_core.environment:checking '/home/vboxuser/ros2_ws/install/px4_ros_com/lib/pkgconfig/px4_ros_com.pc'
[521.415s] Level 1:colcon.colcon_core.environment:checking '/home/vboxuser/ros2_ws/install/px4_ros_com/lib/python3.10/site-packages'
[521.416s] Level 1:colcon.colcon_core.environment:checking '/home/vboxuser/ros2_ws/install/px4_ros_com/bin'
[521.416s] INFO:colcon.colcon_core.shell:Creating package script '/home/vboxuser/ros2_ws/install/px4_ros_com/share/px4_ros_com/package.ps1'
[521.417s] INFO:colcon.colcon_core.shell:Creating package descriptor '/home/vboxuser/ros2_ws/install/px4_ros_com/share/px4_ros_com/package.dsv'
[521.417s] INFO:colcon.colcon_core.shell:Creating package script '/home/vboxuser/ros2_ws/install/px4_ros_com/share/px4_ros_com/package.sh'
[521.418s] INFO:colcon.colcon_core.shell:Creating package script '/home/vboxuser/ros2_ws/install/px4_ros_com/share/px4_ros_com/package.bash'
[521.419s] INFO:colcon.colcon_core.shell:Creating package script '/home/vboxuser/ros2_ws/install/px4_ros_com/share/px4_ros_com/package.zsh'
[521.419s] Level 1:colcon.colcon_core.environment:create_file_with_runtime_dependencies(/home/vboxuser/ros2_ws/install/px4_ros_com/share/colcon-core/packages/px4_ros_com)
[521.420s] DEBUG:colcon.colcon_parallel_executor.executor.parallel:closing loop
[521.420s] DEBUG:colcon.colcon_parallel_executor.executor.parallel:loop closed
[521.420s] DEBUG:colcon.colcon_parallel_executor.executor.parallel:run_until_complete finished with '0'
[521.420s] DEBUG:colcon.colcon_core.event_reactor:joining thread
[521.430s] INFO:colcon.colcon_core.plugin_system:Skipping extension 'colcon_notification.desktop_notification.terminal_notifier': Not used on non-Darwin systems
[521.430s] INFO:colcon.colcon_core.plugin_system:Skipping extension 'colcon_notification.desktop_notification.win32': Not used on non-Windows systems
[521.431s] INFO:colcon.colcon_notification.desktop_notification:Sending desktop notification using 'notify2'
[521.458s] DEBUG:colcon.colcon_core.event_reactor:joined thread
[521.459s] INFO:colcon.colcon_core.shell:Creating prefix script '/home/vboxuser/ros2_ws/install/local_setup.ps1'
[521.463s] INFO:colcon.colcon_core.shell:Creating prefix util module '/home/vboxuser/ros2_ws/install/_local_setup_util_ps1.py'
[521.472s] INFO:colcon.colcon_core.shell:Creating prefix chain script '/home/vboxuser/ros2_ws/install/setup.ps1'
[521.474s] INFO:colcon.colcon_core.shell:Creating prefix script '/home/vboxuser/ros2_ws/install/local_setup.sh'
[521.478s] INFO:colcon.colcon_core.shell:Creating prefix util module '/home/vboxuser/ros2_ws/install/_local_setup_util_sh.py'
[521.478s] INFO:colcon.colcon_core.shell:Creating prefix chain script '/home/vboxuser/ros2_ws/install/setup.sh'
[521.483s] INFO:colcon.colcon_core.shell:Creating prefix script '/home/vboxuser/ros2_ws/install/local_setup.bash'
[521.484s] INFO:colcon.colcon_core.shell:Creating prefix chain script '/home/vboxuser/ros2_ws/install/setup.bash'
[521.486s] INFO:colcon.colcon_core.shell:Creating prefix script '/home/vboxuser/ros2_ws/install/local_setup.zsh'
[521.488s] INFO:colcon.colcon_core.shell:Creating prefix chain script '/home/vboxuser/ros2_ws/install/setup.zsh'
