[0.814s] Invoking command in '/home/vboxuser/ros2_ws/src/project_pkg': PYTHONPATH=/home/vboxuser/ros2_ws/build/project_pkg/prefix_override:/usr/lib/python3/dist-packages/colcon_core/task/python/colcon_distutils_commands:/home/vboxuser/ros2_ws/install/project_pkg/lib/python3.10/site-packages:${PYTHONPATH} /usr/bin/python3 -W ignore:setup.py install is deprecated setup.py egg_info --egg-base ../../build/project_pkg build --build-base /home/vboxuser/ros2_ws/build/project_pkg/build install --record /home/vboxuser/ros2_ws/build/project_pkg/install.log --single-version-externally-managed install_data
[1.120s] running egg_info
[1.121s] creating ../../build/project_pkg/project_pkg.egg-info
[1.121s] writing ../../build/project_pkg/project_pkg.egg-info/PKG-INFO
[1.122s] writing dependency_links to ../../build/project_pkg/project_pkg.egg-info/dependency_links.txt
[1.122s] writing entry points to ../../build/project_pkg/project_pkg.egg-info/entry_points.txt
[1.122s] writing requirements to ../../build/project_pkg/project_pkg.egg-info/requires.txt
[1.122s] writing top-level names to ../../build/project_pkg/project_pkg.egg-info/top_level.txt
[1.122s] writing manifest file '../../build/project_pkg/project_pkg.egg-info/SOURCES.txt'
[1.126s] reading manifest file '../../build/project_pkg/project_pkg.egg-info/SOURCES.txt'
[1.126s] writing manifest file '../../build/project_pkg/project_pkg.egg-info/SOURCES.txt'
[1.126s] running build
[1.126s] running build_py
[1.127s] creating /home/vboxuser/ros2_ws/build/project_pkg/build
[1.127s] creating /home/vboxuser/ros2_ws/build/project_pkg/build/lib
[1.127s] creating /home/vboxuser/ros2_ws/build/project_pkg/build/lib/project_pkg
[1.127s] copying project_pkg/mission.py -> /home/vboxuser/ros2_ws/build/project_pkg/build/lib/project_pkg
[1.128s] copying project_pkg/__init__.py -> /home/vboxuser/ros2_ws/build/project_pkg/build/lib/project_pkg
[1.128s] running install
[1.128s] running install_lib
[1.134s] creating /home/vboxuser/ros2_ws/install/project_pkg/lib/python3.10/site-packages/project_pkg
[1.134s] copying /home/vboxuser/ros2_ws/build/project_pkg/build/lib/project_pkg/mission.py -> /home/vboxuser/ros2_ws/install/project_pkg/lib/python3.10/site-packages/project_pkg
[1.134s] copying /home/vboxuser/ros2_ws/build/project_pkg/build/lib/project_pkg/__init__.py -> /home/vboxuser/ros2_ws/install/project_pkg/lib/python3.10/site-packages/project_pkg
[1.134s] byte-compiling /home/vboxuser/ros2_ws/install/project_pkg/lib/python3.10/site-packages/project_pkg/mission.py to mission.cpython-310.pyc
[1.134s] byte-compiling /home/vboxuser/ros2_ws/install/project_pkg/lib/python3.10/site-packages/project_pkg/__init__.py to __init__.cpython-310.pyc
[1.134s] running install_data
[1.134s] creating /home/vboxuser/ros2_ws/install/project_pkg/share/ament_index
[1.135s] creating /home/vboxuser/ros2_ws/install/project_pkg/share/ament_index/resource_index
[1.135s] creating /home/vboxuser/ros2_ws/install/project_pkg/share/ament_index/resource_index/packages
[1.135s] copying resource/project_pkg -> /home/vboxuser/ros2_ws/install/project_pkg/share/ament_index/resource_index/packages
[1.135s] copying package.xml -> /home/vboxuser/ros2_ws/install/project_pkg/share/project_pkg
[1.135s] running install_egg_info
[1.135s] Copying ../../build/project_pkg/project_pkg.egg-info to /home/vboxuser/ros2_ws/install/project_pkg/lib/python3.10/site-packages/project_pkg-0.0.0-py3.10.egg-info
[1.137s] running install_scripts
[1.152s] Installing mission script to /home/vboxuser/ros2_ws/install/project_pkg/lib/project_pkg
[1.153s] writing list of installed files to '/home/vboxuser/ros2_ws/build/project_pkg/install.log'
[1.177s] Invoked command in '/home/vboxuser/ros2_ws/src/project_pkg' returned '0': PYTHONPATH=/home/vboxuser/ros2_ws/build/project_pkg/prefix_override:/usr/lib/python3/dist-packages/colcon_core/task/python/colcon_distutils_commands:/home/vboxuser/ros2_ws/install/project_pkg/lib/python3.10/site-packages:${PYTHONPATH} /usr/bin/python3 -W ignore:setup.py install is deprecated setup.py egg_info --egg-base ../../build/project_pkg build --build-base /home/vboxuser/ros2_ws/build/project_pkg/build install --record /home/vboxuser/ros2_ws/build/project_pkg/install.log --single-version-externally-managed install_data
