[0.011s] Invoking command in '/home/vboxuser/ros2_ws/build/px4_ros_com': CMAKE_PREFIX_PATH=/home/vboxuser/ros2_ws/install/px4_msgs:/home/vboxuser/ros2_ws/install/px4_ros_com:/home/vboxuser/ros2_ws/install/project_pkg:/opt/ros/humble LD_LIBRARY_PATH=/home/vboxuser/ros2_ws/install/px4_msgs/lib:/home/vboxuser/ros2_ws/install/px4_ros_com/lib:/opt/ros/humble/opt/rviz_ogre_vendor/lib:/opt/ros/humble/lib/x86_64-linux-gnu:/opt/ros/humble/lib /usr/bin/cmake /home/vboxuser/ros2_ws/src/px4_ros_com -DCMAKE_INSTALL_PREFIX=/home/vboxuser/ros2_ws/install/px4_ros_com
[0.064s] -- The C compiler identification is GNU 11.4.0
[0.119s] -- The CXX compiler identification is GNU 11.4.0
[0.130s] -- Detecting C compiler ABI info
[0.195s] -- Detecting C compiler ABI info - done
[0.195s] -- Check for working C compiler: /usr/bin/cc - skipped
[0.195s] -- Detecting C compile features
[0.195s] -- Detecting C compile features - done
[0.195s] -- Detecting CXX compiler ABI info
[0.256s] -- Detecting CXX compiler ABI info - done
[0.263s] -- Check for working CXX compiler: /usr/bin/c++ - skipped
[0.263s] -- Detecting CXX compile features
[0.263s] -- Detecting CXX compile features - done
[0.265s] -- Found ament_cmake: 1.3.9 (/opt/ros/humble/share/ament_cmake/cmake)
[0.402s] -- Found Python3: /usr/bin/python3 (found version "3.10.12") found components: Interpreter 
[0.480s] -- Found builtin_interfaces: 1.2.1 (/opt/ros/humble/share/builtin_interfaces/cmake)
[0.507s] -- Found rosidl_generator_c: 3.1.5 (/opt/ros/humble/share/rosidl_generator_c/cmake)
[0.511s] -- Found rosidl_adapter: 3.1.5 (/opt/ros/humble/share/rosidl_adapter/cmake)
[0.526s] -- Found rosidl_generator_cpp: 3.1.5 (/opt/ros/humble/share/rosidl_generator_cpp/cmake)
[0.541s] -- Using all available rosidl_typesupport_c: rosidl_typesupport_fastrtps_c;rosidl_typesupport_introspection_c
[0.554s] -- Using all available rosidl_typesupport_cpp: rosidl_typesupport_fastrtps_cpp;rosidl_typesupport_introspection_cpp
[0.573s] -- Found eigen3_cmake_module: 0.1.1 (/opt/ros/humble/share/eigen3_cmake_module/cmake)
[0.589s] -- Found Eigen3: TRUE (found version "3.4.0") 
[0.591s] -- Found geometry_msgs: 4.2.4 (/opt/ros/humble/share/geometry_msgs/cmake)
[0.702s] -- Found px4_msgs: 2.0.1 (/home/vboxuser/ros2_ws/install/px4_msgs/share/px4_msgs/cmake)
[0.735s] -- Found rclcpp: 16.0.9 (/opt/ros/humble/share/rclcpp/cmake)
[0.818s] -- Found rmw_implementation_cmake: 6.1.2 (/opt/ros/humble/share/rmw_implementation_cmake/cmake)
[0.824s] -- Found rmw_fastrtps_cpp: 6.2.6 (/opt/ros/humble/share/rmw_fastrtps_cpp/cmake)
[0.933s] -- Found OpenSSL: /usr/lib/x86_64-linux-gnu/libcrypto.so (found version "3.0.2")  
[0.961s] -- Found FastRTPS: /opt/ros/humble/include  
[1.003s] -- Using RMW implementation 'rmw_fastrtps_cpp' as default
[1.025s] -- Looking for pthread.h
[1.086s] -- Looking for pthread.h - found
[1.086s] -- Performing Test CMAKE_HAVE_LIBC_PTHREAD
[1.151s] -- Performing Test CMAKE_HAVE_LIBC_PTHREAD - Success
[1.152s] -- Found Threads: TRUE  
[1.303s] -- Found sensor_msgs: 4.2.4 (/opt/ros/humble/share/sensor_msgs/cmake)
[1.387s] -- Found rclpy: 3.3.13 (/opt/ros/humble/share/rclpy/cmake)
[1.396s] -- Found ament_lint_auto: 0.12.11 (/opt/ros/humble/share/ament_lint_auto/cmake)
[1.504s] -- Added test 'copyright' to check source files copyright and LICENSE
[1.515s] -- Added test 'cppcheck' to perform static code analysis on C / C++ code
[1.515s] -- Configured cppcheck include dirs: /home/vboxuser/ros2_ws/src/px4_ros_com/include;$<BUILD_INTERFACE:/home/vboxuser/ros2_ws/src/px4_ros_com/include/px4_ros_com>
[1.516s] -- Configured cppcheck exclude dirs and/or files: 
[1.520s] -- Added test 'cpplint' to check C / C++ code against the Google style
[1.520s] -- Configured cpplint exclude dirs and/or files: 
[1.520s] -- Added test 'flake8' to check Python code syntax and style conventions
[1.523s] -- Added test 'lint_cmake' to check CMake code style
[1.524s] -- Added test 'pep257' to check Python code against some of the docstring style conventions in PEP 257
[1.527s] -- Added test 'uncrustify' to check C / C++ code style
[1.527s] -- Configured uncrustify additional arguments: 
[1.529s] -- Added test 'xmllint' to check XML markup files
[1.530s] -- Configuring done
[1.551s] -- Generating done
[1.553s] -- Build files have been written to: /home/vboxuser/ros2_ws/build/px4_ros_com
[1.561s] Invoked command in '/home/vboxuser/ros2_ws/build/px4_ros_com' returned '0': CMAKE_PREFIX_PATH=/home/vboxuser/ros2_ws/install/px4_msgs:/home/vboxuser/ros2_ws/install/px4_ros_com:/home/vboxuser/ros2_ws/install/project_pkg:/opt/ros/humble LD_LIBRARY_PATH=/home/vboxuser/ros2_ws/install/px4_msgs/lib:/home/vboxuser/ros2_ws/install/px4_ros_com/lib:/opt/ros/humble/opt/rviz_ogre_vendor/lib:/opt/ros/humble/lib/x86_64-linux-gnu:/opt/ros/humble/lib /usr/bin/cmake /home/vboxuser/ros2_ws/src/px4_ros_com -DCMAKE_INSTALL_PREFIX=/home/vboxuser/ros2_ws/install/px4_ros_com
[1.562s] Invoking command in '/home/vboxuser/ros2_ws/build/px4_ros_com': CMAKE_PREFIX_PATH=/home/vboxuser/ros2_ws/install/px4_msgs:/home/vboxuser/ros2_ws/install/px4_ros_com:/home/vboxuser/ros2_ws/install/project_pkg:/opt/ros/humble LD_LIBRARY_PATH=/home/vboxuser/ros2_ws/install/px4_msgs/lib:/home/vboxuser/ros2_ws/install/px4_ros_com/lib:/opt/ros/humble/opt/rviz_ogre_vendor/lib:/opt/ros/humble/lib/x86_64-linux-gnu:/opt/ros/humble/lib /usr/bin/cmake --build /home/vboxuser/ros2_ws/build/px4_ros_com -- -j2 -l2
[1.601s] [ 16%] [32mBuilding CXX object CMakeFiles/frame_transforms.dir/src/lib/frame_transforms.cpp.o[0m
[1.601s] [ 16%] [32mBuilding CXX object CMakeFiles/sensor_combined_listener.dir/src/examples/listeners/sensor_combined_listener.cpp.o[0m
[9.894s] [ 25%] [32m[1mLinking CXX shared library libframe_transforms.so[0m
[10.223s] [ 25%] Built target frame_transforms
[10.244s] [ 33%] [32mBuilding CXX object CMakeFiles/vehicle_gps_position_listener.dir/src/examples/listeners/vehicle_gps_position_listener.cpp.o[0m
[11.458s] [ 41%] [32m[1mLinking CXX executable sensor_combined_listener[0m
[11.957s] [ 41%] Built target sensor_combined_listener
[11.983s] [ 50%] [32mBuilding CXX object CMakeFiles/debug_vect_advertiser.dir/src/examples/advertisers/debug_vect_advertiser.cpp.o[0m
[16.755s] [ 58%] [32m[1mLinking CXX executable debug_vect_advertiser[0m
[16.959s] [ 58%] Built target debug_vect_advertiser
[16.982s] [ 66%] [32mBuilding CXX object CMakeFiles/offboard_control.dir/src/examples/offboard/offboard_control.cpp.o[0m
[19.427s] [ 75%] [32m[1mLinking CXX executable vehicle_gps_position_listener[0m
[19.862s] [ 75%] Built target vehicle_gps_position_listener
[19.882s] [ 83%] [32mBuilding CXX object CMakeFiles/offboard_control_srv.dir/src/examples/offboard/offboard_control_srv.cpp.o[0m
[22.665s] [ 91%] [32m[1mLinking CXX executable offboard_control[0m
[22.900s] [ 91%] Built target offboard_control
[22.928s] [ 91%] Built target ament_cmake_python_copy_px4_ros_com
[23.263s] running egg_info
[23.268s] creating px4_ros_com.egg-info
[23.268s] writing px4_ros_com.egg-info/PKG-INFO
[23.268s] writing dependency_links to px4_ros_com.egg-info/dependency_links.txt
[23.268s] writing top-level names to px4_ros_com.egg-info/top_level.txt
[23.268s] writing manifest file 'px4_ros_com.egg-info/SOURCES.txt'
[23.268s] reading manifest file 'px4_ros_com.egg-info/SOURCES.txt'
[23.268s] writing manifest file 'px4_ros_com.egg-info/SOURCES.txt'
[23.298s] [ 91%] Built target ament_cmake_python_build_px4_ros_com_egg
[25.822s] [100%] [32m[1mLinking CXX executable offboard_control_srv[0m
[26.103s] [100%] Built target offboard_control_srv
[26.121s] Invoked command in '/home/vboxuser/ros2_ws/build/px4_ros_com' returned '0': CMAKE_PREFIX_PATH=/home/vboxuser/ros2_ws/install/px4_msgs:/home/vboxuser/ros2_ws/install/px4_ros_com:/home/vboxuser/ros2_ws/install/project_pkg:/opt/ros/humble LD_LIBRARY_PATH=/home/vboxuser/ros2_ws/install/px4_msgs/lib:/home/vboxuser/ros2_ws/install/px4_ros_com/lib:/opt/ros/humble/opt/rviz_ogre_vendor/lib:/opt/ros/humble/lib/x86_64-linux-gnu:/opt/ros/humble/lib /usr/bin/cmake --build /home/vboxuser/ros2_ws/build/px4_ros_com -- -j2 -l2
[26.174s] Invoking command in '/home/vboxuser/ros2_ws/build/px4_ros_com': CMAKE_PREFIX_PATH=/home/vboxuser/ros2_ws/install/px4_msgs:/home/vboxuser/ros2_ws/install/px4_ros_com:/home/vboxuser/ros2_ws/install/project_pkg:/opt/ros/humble LD_LIBRARY_PATH=/home/vboxuser/ros2_ws/install/px4_msgs/lib:/home/vboxuser/ros2_ws/install/px4_ros_com/lib:/opt/ros/humble/opt/rviz_ogre_vendor/lib:/opt/ros/humble/lib/x86_64-linux-gnu:/opt/ros/humble/lib /usr/bin/cmake --install /home/vboxuser/ros2_ws/build/px4_ros_com
[26.182s] -- Install configuration: ""
[26.182s] -- Installing: /home/vboxuser/ros2_ws/install/px4_ros_com/lib/px4_ros_com/sensor_combined_listener
[26.185s] -- Set runtime path of "/home/vboxuser/ros2_ws/install/px4_ros_com/lib/px4_ros_com/sensor_combined_listener" to ""
[26.185s] -- Installing: /home/vboxuser/ros2_ws/install/px4_ros_com/lib/px4_ros_com/vehicle_gps_position_listener
[26.187s] -- Set runtime path of "/home/vboxuser/ros2_ws/install/px4_ros_com/lib/px4_ros_com/vehicle_gps_position_listener" to ""
[26.188s] -- Installing: /home/vboxuser/ros2_ws/install/px4_ros_com/lib/px4_ros_com/debug_vect_advertiser
[26.188s] -- Set runtime path of "/home/vboxuser/ros2_ws/install/px4_ros_com/lib/px4_ros_com/debug_vect_advertiser" to ""
[26.189s] -- Installing: /home/vboxuser/ros2_ws/install/px4_ros_com/lib/px4_ros_com/offboard_control
[26.190s] -- Set runtime path of "/home/vboxuser/ros2_ws/install/px4_ros_com/lib/px4_ros_com/offboard_control" to ""
[26.190s] -- Installing: /home/vboxuser/ros2_ws/install/px4_ros_com/lib/px4_ros_com/offboard_control_srv
[26.192s] -- Set runtime path of "/home/vboxuser/ros2_ws/install/px4_ros_com/lib/px4_ros_com/offboard_control_srv" to ""
[26.192s] -- Installing: /home/vboxuser/ros2_ws/install/px4_ros_com/share/px4_ros_com/environment/library_path.sh
[26.192s] -- Installing: /home/vboxuser/ros2_ws/install/px4_ros_com/share/px4_ros_com/environment/library_path.dsv
[26.192s] -- Installing: /home/vboxuser/ros2_ws/install/px4_ros_com/include/px4_ros_com
[26.192s] -- Installing: /home/vboxuser/ros2_ws/install/px4_ros_com/include/px4_ros_com/frame_transforms.h
[26.192s] -- Installing: /home/vboxuser/ros2_ws/install/px4_ros_com/lib/libframe_transforms.so
[26.195s] -- Set runtime path of "/home/vboxuser/ros2_ws/install/px4_ros_com/lib/libframe_transforms.so" to ""
[26.196s] -- Installing: /home/vboxuser/ros2_ws/install/px4_ros_com/share/px4_ros_com//launch
[26.196s] -- Installing: /home/vboxuser/ros2_ws/install/px4_ros_com/share/px4_ros_com//launch/offboard_control_launch.yaml
[26.198s] -- Installing: /home/vboxuser/ros2_ws/install/px4_ros_com/share/px4_ros_com//launch/sensor_combined_listener.launch.py
[26.200s] -- Installing: /home/vboxuser/ros2_ws/install/px4_ros_com/share/px4_ros_com//test
[26.200s] -- Installing: /home/vboxuser/ros2_ws/install/px4_ros_com/share/px4_ros_com//test/test_output.py
[26.203s] -- Installing: /home/vboxuser/ros2_ws/install/px4_ros_com/share/px4_ros_com//test/test_input.py
[26.203s] -- Installing: /home/vboxuser/ros2_ws/install/px4_ros_com/share/px4_ros_com//test/__init__.py
[26.204s] -- Installing: /home/vboxuser/ros2_ws/install/px4_ros_com/share/px4_ros_com//test/pipeline_io_test.py
[26.205s] -- Installing: /home/vboxuser/ros2_ws/install/px4_ros_com/share/px4_ros_com/environment/pythonpath.sh
[26.205s] -- Installing: /home/vboxuser/ros2_ws/install/px4_ros_com/share/px4_ros_com/environment/pythonpath.dsv
[26.206s] -- Installing: /home/vboxuser/ros2_ws/install/px4_ros_com/local/lib/python3.10/dist-packages/px4_ros_com-0.1.0-py3.10.egg-info
[26.206s] -- Installing: /home/vboxuser/ros2_ws/install/px4_ros_com/local/lib/python3.10/dist-packages/px4_ros_com-0.1.0-py3.10.egg-info/SOURCES.txt
[26.206s] -- Installing: /home/vboxuser/ros2_ws/install/px4_ros_com/local/lib/python3.10/dist-packages/px4_ros_com-0.1.0-py3.10.egg-info/PKG-INFO
[26.207s] -- Installing: /home/vboxuser/ros2_ws/install/px4_ros_com/local/lib/python3.10/dist-packages/px4_ros_com-0.1.0-py3.10.egg-info/dependency_links.txt
[26.207s] -- Installing: /home/vboxuser/ros2_ws/install/px4_ros_com/local/lib/python3.10/dist-packages/px4_ros_com-0.1.0-py3.10.egg-info/top_level.txt
[26.208s] -- Installing: /home/vboxuser/ros2_ws/install/px4_ros_com/local/lib/python3.10/dist-packages/px4_ros_com
[26.210s] -- Installing: /home/vboxuser/ros2_ws/install/px4_ros_com/local/lib/python3.10/dist-packages/px4_ros_com/__init__.py
[26.210s] -- Installing: /home/vboxuser/ros2_ws/install/px4_ros_com/local/lib/python3.10/dist-packages/px4_ros_com/module_to_import.py
[26.251s] Listing '/home/vboxuser/ros2_ws/install/px4_ros_com/local/lib/python3.10/dist-packages/px4_ros_com'...
[26.251s] Compiling '/home/vboxuser/ros2_ws/install/px4_ros_com/local/lib/python3.10/dist-packages/px4_ros_com/__init__.py'...
[26.251s] Compiling '/home/vboxuser/ros2_ws/install/px4_ros_com/local/lib/python3.10/dist-packages/px4_ros_com/module_to_import.py'...
[26.256s] -- Installing: /home/vboxuser/ros2_ws/install/px4_ros_com/lib/px4_ros_com/offboard_control.py
[26.257s] -- Installing: /home/vboxuser/ros2_ws/install/px4_ros_com/share/ament_index/resource_index/package_run_dependencies/px4_ros_com
[26.257s] -- Installing: /home/vboxuser/ros2_ws/install/px4_ros_com/share/ament_index/resource_index/parent_prefix_path/px4_ros_com
[26.258s] -- Installing: /home/vboxuser/ros2_ws/install/px4_ros_com/share/px4_ros_com/environment/ament_prefix_path.sh
[26.258s] -- Installing: /home/vboxuser/ros2_ws/install/px4_ros_com/share/px4_ros_com/environment/ament_prefix_path.dsv
[26.258s] -- Installing: /home/vboxuser/ros2_ws/install/px4_ros_com/share/px4_ros_com/environment/path.sh
[26.259s] -- Installing: /home/vboxuser/ros2_ws/install/px4_ros_com/share/px4_ros_com/environment/path.dsv
[26.259s] -- Installing: /home/vboxuser/ros2_ws/install/px4_ros_com/share/px4_ros_com/local_setup.bash
[26.259s] -- Installing: /home/vboxuser/ros2_ws/install/px4_ros_com/share/px4_ros_com/local_setup.sh
[26.259s] -- Installing: /home/vboxuser/ros2_ws/install/px4_ros_com/share/px4_ros_com/local_setup.zsh
[26.260s] -- Installing: /home/vboxuser/ros2_ws/install/px4_ros_com/share/px4_ros_com/local_setup.dsv
[26.260s] -- Installing: /home/vboxuser/ros2_ws/install/px4_ros_com/share/px4_ros_com/package.dsv
[26.260s] -- Installing: /home/vboxuser/ros2_ws/install/px4_ros_com/share/ament_index/resource_index/packages/px4_ros_com
[26.261s] -- Installing: /home/vboxuser/ros2_ws/install/px4_ros_com/share/px4_ros_com/cmake/export_frame_transformsExport.cmake
[26.261s] -- Installing: /home/vboxuser/ros2_ws/install/px4_ros_com/share/px4_ros_com/cmake/export_frame_transformsExport-noconfig.cmake
[26.261s] -- Installing: /home/vboxuser/ros2_ws/install/px4_ros_com/share/px4_ros_com/cmake/ament_cmake_export_dependencies-extras.cmake
[26.261s] -- Installing: /home/vboxuser/ros2_ws/install/px4_ros_com/share/px4_ros_com/cmake/ament_cmake_export_targets-extras.cmake
[26.261s] -- Installing: /home/vboxuser/ros2_ws/install/px4_ros_com/share/px4_ros_com/cmake/ament_cmake_export_include_directories-extras.cmake
[26.262s] -- Installing: /home/vboxuser/ros2_ws/install/px4_ros_com/share/px4_ros_com/cmake/ament_cmake_export_libraries-extras.cmake
[26.262s] -- Installing: /home/vboxuser/ros2_ws/install/px4_ros_com/share/px4_ros_com/cmake/px4_ros_comConfig.cmake
[26.262s] -- Installing: /home/vboxuser/ros2_ws/install/px4_ros_com/share/px4_ros_com/cmake/px4_ros_comConfig-version.cmake
[26.264s] -- Installing: /home/vboxuser/ros2_ws/install/px4_ros_com/share/px4_ros_com/package.xml
[26.265s] Invoked command in '/home/vboxuser/ros2_ws/build/px4_ros_com' returned '0': CMAKE_PREFIX_PATH=/home/vboxuser/ros2_ws/install/px4_msgs:/home/vboxuser/ros2_ws/install/px4_ros_com:/home/vboxuser/ros2_ws/install/project_pkg:/opt/ros/humble LD_LIBRARY_PATH=/home/vboxuser/ros2_ws/install/px4_msgs/lib:/home/vboxuser/ros2_ws/install/px4_ros_com/lib:/opt/ros/humble/opt/rviz_ogre_vendor/lib:/opt/ros/humble/lib/x86_64-linux-gnu:/opt/ros/humble/lib /usr/bin/cmake --install /home/vboxuser/ros2_ws/build/px4_ros_com
